\BOOKMARK [0][-]{chapter*.3}{\376\377\166\356\137\125}{}% 1
\BOOKMARK [0][-]{chapter*.3}{\376\377\144\130\211\201}{}% 2
\BOOKMARK [0][-]{chapter*.3}{\376\377\121\163\225\056\213\315}{}% 3
\BOOKMARK [0][-]{chapter*.3}{\376\377\000A\000b\000s\000t\000r\000a\000c\000t}{}% 4
\BOOKMARK [0][-]{chapter*.3}{\376\377\000K\000e\000y\000\040\000w\000o\000r\000d\000s}{}% 5
\BOOKMARK [0][-]{chapter.1}{}{}% 6
\BOOKMARK [1][-]{section.1.1}{\376\377\170\024\172\166\166\356\166\204}{chapter.1}% 7
\BOOKMARK [2][-]{subsection.1.1.1}{\376\377\170\024\172\166\200\314\146\157}{section.1.1}% 8
\BOOKMARK [2][-]{subsection.1.1.2}{\376\377\170\024\172\166\141\017\116\111}{section.1.1}% 9
\BOOKMARK [2][-]{subsection.1.1.3}{\376\377\170\024\172\166\166\356\166\204}{section.1.1}% 10
\BOOKMARK [1][-]{section.1.2}{\376\377\000M\000u\000l\000t\000i\000-\000l\000a\000b\000e\000l\225\356\230\230\173\200\116\313}{chapter.1}% 11
\BOOKMARK [1][-]{section.1.3}{\376\377\170\024\172\166\145\271\154\325}{chapter.1}% 12
\BOOKMARK [2][-]{subsection.1.3.1}{\376\377\137\000\123\321\135\345\121\167}{section.1.3}% 13
\BOOKMARK [2][-]{subsection.1.3.2}{\376\377\217\301\171\373\133\146\116\140}{section.1.3}% 14
\BOOKMARK [2][-]{subsection.1.3.3}{\376\377\230\204\213\255\176\303\152\041\127\213}{section.1.3}% 15
\BOOKMARK [2][-]{subsection.1.3.4}{\376\377\127\372\147\054\151\202\137\365}{section.1.3}% 16
\BOOKMARK [1][-]{section.1.4}{\376\377\000R\000e\000s\000n\000e\000t\173\200\123\125\123\237\164\006}{chapter.1}% 17
\BOOKMARK [2][-]{subsection.1.4.1}{\376\377\133\236\232\214\217\307\172\013}{section.1.4}% 18
\BOOKMARK [2][-]{subsection.1.4.2}{\376\377\152\041\127\213\166\204\230\204\155\113}{section.1.4}% 19
\BOOKMARK [1][-]{section.1.5}{\376\377\176\323\213\272\124\214\136\372\213\256}{chapter.1}% 20
\BOOKMARK [2][-]{subsection.1.5.1}{\376\377\170\024\172\166\142\020\147\234}{section.1.5}% 21
\BOOKMARK [2][-]{subsection.1.5.2}{\376\377\122\033\145\260\160\271}{section.1.5}% 22
\BOOKMARK [0][-]{subsection.1.5.2}{\376\377\123\302\200\003\145\207\163\056}{}% 23
